<?xml version="1.0" encoding="UTF-8"?>
<!-- Generated by org.testng.reporters.JUnitXMLReporter -->
<testsuite ignored="0" hostname="Ankita" failures="0" tests="6" name="Default test" time="16.361" errors="0" timestamp="2025-04-01T19:58:34 IST">
  <testcase classname="com.FlatPeak.tests.EndToEndTest" name="initialSetup" time="16.172"/>
  <testcase classname="com.FlatPeak.tests.EndToEndTest" name="verifyEndTime" time="0.038"/>
  <testcase classname="com.FlatPeak.tests.EndToEndTest" name="verifyStartTime" time="0.019"/>
  <testcase classname="com.FlatPeak.tests.EndToEndTest" name="verifyCurrencyCode" time="0.013"/>
  <testcase classname="com.FlatPeak.tests.EndToEndTest" name="verifyHourlyRatesArePresent" time="0.012"/>
  <testcase classname="com.FlatPeak.tests.EndToEndTest" name="verifyConfidenceValue" time="0.002"/>
</testsuite> <!-- Default test -->
