<?xml version="1.0" encoding="UTF-8"?>
<!-- Generated by org.testng.reporters.JUnitXMLReporter -->
<testsuite ignored="0" hostname="Ankita" failures="0" tests="5" name="End-to-End Test" time="16.496" errors="0" timestamp="2025-04-01T20:06:23 IST">
  <testcase classname="com.FlatPeak.tests.EndToEndTest" name="verifyEndTime" time="0.083"/>
  <testcase classname="com.FlatPeak.tests.EndToEndTest" name="verifyStartTime" time="0.016"/>
  <testcase classname="com.FlatPeak.tests.EndToEndTest" name="verifyCurrencyCode" time="0.012"/>
  <testcase classname="com.FlatPeak.tests.EndToEndTest" name="verifyHourlyRatesArePresent" time="0.014"/>
  <testcase classname="com.FlatPeak.tests.EndToEndTest" name="verifyConfidenceValue" time="0.002"/>
</testsuite> <!-- End-to-End Test -->
